Determining if the pthread_create exist failed with the following output:
Change Dir: /home/axjllt/catkin_ws/build/CMakeFiles/CMakeTmp

Run Build Command:"/usr/bin/make" "cmTC_8340c/fast"
/usr/bin/make -f CMakeFiles/cmTC_8340c.dir/build.make CMakeFiles/cmTC_8340c.dir/build
make[1]: Entering directory '/home/axjllt/catkin_ws/build/CMakeFiles/CMakeTmp'
Building C object CMakeFiles/cmTC_8340c.dir/CheckSymbolExists.c.o
/usr/bin/cc     -o CMakeFiles/cmTC_8340c.dir/CheckSymbolExists.c.o   -c /home/axjllt/catkin_ws/build/CMakeFiles/CMakeTmp/CheckSymbolExists.c
Linking C executable cmTC_8340c
/usr/bin/cmake -E cmake_link_script CMakeFiles/cmTC_8340c.dir/link.txt --verbose=1
/usr/bin/cc       CMakeFiles/cmTC_8340c.dir/CheckSymbolExists.c.o  -o cmTC_8340c -rdynamic 
CMakeFiles/cmTC_8340c.dir/CheckSymbolExists.c.o: In function `main':
CheckSymbolExists.c:(.text+0xa): undefined reference to `pthread_create'
collect2: error: ld returned 1 exit status
CMakeFiles/cmTC_8340c.dir/build.make:97: recipe for target 'cmTC_8340c' failed
make[1]: *** [cmTC_8340c] Error 1
make[1]: Leaving directory '/home/axjllt/catkin_ws/build/CMakeFiles/CMakeTmp'
Makefile:126: recipe for target 'cmTC_8340c/fast' failed
make: *** [cmTC_8340c/fast] Error 2

File /home/axjllt/catkin_ws/build/CMakeFiles/CMakeTmp/CheckSymbolExists.c:
/* */
#include <pthread.h>

int main(int argc, char** argv)
{
  (void)argv;
#ifndef pthread_create
  return ((int*)(&pthread_create))[argc];
#else
  (void)argc;
  return 0;
#endif
}

Determining if the function pthread_create exists in the pthreads failed with the following output:
Change Dir: /home/axjllt/catkin_ws/build/CMakeFiles/CMakeTmp

Run Build Command:"/usr/bin/make" "cmTC_45cc8/fast"
/usr/bin/make -f CMakeFiles/cmTC_45cc8.dir/build.make CMakeFiles/cmTC_45cc8.dir/build
make[1]: Entering directory '/home/axjllt/catkin_ws/build/CMakeFiles/CMakeTmp'
Building C object CMakeFiles/cmTC_45cc8.dir/CheckFunctionExists.c.o
/usr/bin/cc    -DCHECK_FUNCTION_EXISTS=pthread_create   -o CMakeFiles/cmTC_45cc8.dir/CheckFunctionExists.c.o   -c /usr/share/cmake-3.5/Modules/CheckFunctionExists.c
Linking C executable cmTC_45cc8
/usr/bin/cmake -E cmake_link_script CMakeFiles/cmTC_45cc8.dir/link.txt --verbose=1
/usr/bin/cc   -DCHECK_FUNCTION_EXISTS=pthread_create    CMakeFiles/cmTC_45cc8.dir/CheckFunctionExists.c.o  -o cmTC_45cc8 -rdynamic -lpthreads 
/usr/bin/ld: cannot find -lpthreads
collect2: error: ld returned 1 exit status
CMakeFiles/cmTC_45cc8.dir/build.make:97: recipe for target 'cmTC_45cc8' failed
make[1]: *** [cmTC_45cc8] Error 1
make[1]: Leaving directory '/home/axjllt/catkin_ws/build/CMakeFiles/CMakeTmp'
Makefile:126: recipe for target 'cmTC_45cc8/fast' failed
make: *** [cmTC_45cc8/fast] Error 2


